<?xml version="1.0" encoding="UTF-8"?>
<testsuite name="MarvelObjectsTest" tests="4" skipped="0" failures="0" errors="0" timestamp="2022-06-03T05:37:17" hostname="DESKTOP-J791U7R" time="0.079">
  <properties/>
  <testcase name="getComicWithNameTest()" classname="MarvelObjectsTest" time="0.002"/>
  <testcase name="characterOverwriteTest()" classname="MarvelObjectsTest" time="0.005"/>
  <testcase name="characterInitialisationTest()" classname="MarvelObjectsTest" time="0.069"/>
  <testcase name="getCharacterWithNameTest()" classname="MarvelObjectsTest" time="0.0"/>
  <system-out><![CDATA[]]></system-out>
  <system-err><![CDATA[]]></system-err>
</testsuite>
