<?xml version="1.0" encoding="UTF-8"?>
<testsuite name="HistoryTest" tests="5" skipped="0" failures="0" errors="0" timestamp="2022-06-03T05:37:17" hostname="DESKTOP-J791U7R" time="0.018">
  <properties/>
  <testcase name="clearHistoryTest()" classname="HistoryTest" time="0.006"/>
  <testcase name="addHistoryAfterRevertingToPreviousState()" classname="HistoryTest" time="0.003"/>
  <testcase name="getHistoryTest()" classname="HistoryTest" time="0.001"/>
  <testcase name="addHistoryTest()" classname="HistoryTest" time="0.001"/>
  <testcase name="initialisationTest()" classname="HistoryTest" time="0.0"/>
  <system-out><![CDATA[]]></system-out>
  <system-err><![CDATA[]]></system-err>
</testsuite>
