<?xml version="1.0" encoding="UTF-8"?>
<testsuite name="APITest" tests="2" skipped="0" failures="0" errors="0" timestamp="2022-06-03T05:37:12" hostname="DESKTOP-J791U7R" time="0.048">
  <properties/>
  <testcase name="TwilioTest()" classname="APITest" time="0.032"/>
  <testcase name="MarvelTest()" classname="APITest" time="0.015"/>
  <system-out><![CDATA[]]></system-out>
  <system-err><![CDATA[]]></system-err>
</testsuite>
