<?xml version="1.0" encoding="UTF-8"?>
<testsuite name="ModelTest" tests="2" skipped="0" failures="0" errors="0" timestamp="2022-06-03T05:37:17" hostname="DESKTOP-J791U7R" time="0.025">
  <properties/>
  <testcase name="instantiationTest()" classname="ModelTest" time="0.023"/>
  <testcase name="operationPerformedTest()" classname="ModelTest" time="0.001"/>
  <system-out><![CDATA[]]></system-out>
  <system-err><![CDATA[]]></system-err>
</testsuite>
